<?xml version="1.0" encoding="UTF-8"?>
<!-- Generated by org.testng.reporters.JUnitReportReporter -->
<testsuite skipped="0" hostname="DESKTOP-GDP8AIK" name="AutoTest.MavenProject.Sample2" tests="3" failures="0" timestamp="20 Feb 2019 10:56:13 GMT" time="48.153" errors="0">
  <testcase name="MySampleTest" time="16.265" classname="AutoTest.MavenProject.Sample2"/>
  <testcase name="f" time="23.122" classname="AutoTest.MavenProject.Sample2"/>
  <testcase name="MyTest" time="8.766" classname="AutoTest.MavenProject.Sample2"/>
</testsuite> <!-- AutoTest.MavenProject.Sample2 -->
