<?xml version="1.0" encoding="UTF-8"?>
<!-- Generated by org.testng.reporters.JUnitReportReporter -->
<testsuite skipped="0" hostname="DESKTOP-GDP8AIK" name="AutoTest.MavenProject.Sample2" tests="3" failures="0" timestamp="22 Feb 2019 05:02:51 GMT" time="26.609" errors="0">
  <testcase name="MySampleTest" time="13.208" classname="AutoTest.MavenProject.Sample2"/>
  <testcase name="f" time="7.632" classname="AutoTest.MavenProject.Sample2"/>
  <testcase name="MyTest" time="5.769" classname="AutoTest.MavenProject.Sample2"/>
</testsuite> <!-- AutoTest.MavenProject.Sample2 -->
