<?xml version="1.0" encoding="UTF-8"?>
<!-- Generated by org.testng.reporters.JUnitReportReporter -->
<testsuite skipped="0" hostname="DESKTOP-GDP8AIK" name="AutoTest.MavenProject.Sample1" tests="3" failures="0" timestamp="22 Feb 2019 05:02:51 GMT" time="36.310" errors="0">
  <testcase name="Second2" time="6.691" classname="AutoTest.MavenProject.Sample1"/>
  <testcase name="Second3" time="15.872" classname="AutoTest.MavenProject.Sample1"/>
  <testcase name="f" time="13.747" classname="AutoTest.MavenProject.Sample1"/>
</testsuite> <!-- AutoTest.MavenProject.Sample1 -->
